0 info it worked if it ends with ok
1 verbose cli [ 'D:\\nodejs\\node.exe',
1 verbose cli   'D:\\nodejs\\node_modules\\npm\\bin\\npm-cli.js',
1 verbose cli   'run',
1 verbose cli   'start' ]
2 info using npm@3.10.10
3 info using node@v6.10.2
4 verbose run-script [ 'prestart', 'start', 'poststart' ]
5 info lifecycle whatsapp@~prestart: whatsapp@
6 silly lifecycle whatsapp@~prestart: no script for prestart, continuing
7 info lifecycle whatsapp@~start: whatsapp@
8 verbose lifecycle whatsapp@~start: unsafe-perm in lifecycle true
9 verbose lifecycle whatsapp@~start: PATH: D:\nodejs\node_modules\npm\bin\node-gyp-bin;C:\git\WhatsAppClone\whatsapp\node_modules\.bin;C:\Users\geode76\AppData\Roaming\npm;D:\nodejs\;C:\oraclexe\app\oracle\product\11.2.0\server\bin;C:\WINDOWS\system32;C:\WINDOWS;C:\WINDOWS\System32\Wbem;C:\WINDOWS\System32\WindowsPowerShell\v1.0\;C:\Program Files (x86)\PharosSystems\Core;C:\Program Files (x86)\Windows Live\Shared;C:\Program Files\Git\cmd;C:\Program Files\Git\mingw64\bin;C:\Program Files\Git\usr\bin;C:\Users\geode76\AppData\Roaming\nvm;C:\Program Files\nodejs;D:\nodejs\;C:\Users\geode76\AppData\Local\atom\bin;C:\Program Files (x86)\Microsoft VS Code\bin;C:\Users\geode76\AppData\Roaming\nvm;C:\Program Files\nodejs;C:\Users\geode76\AppData\Local\.meteor\;C:\Users\geode76\AppData\Roaming\npm
10 verbose lifecycle whatsapp@~start: CWD: C:\git\WhatsAppClone\whatsapp
11 silly lifecycle whatsapp@~start: Args: [ '/d /s /c', 'meteor run --settings private/settings.json' ]
12 silly lifecycle whatsapp@~start: Returned: code: 3221225786  signal: null
13 info lifecycle whatsapp@~start: Failed to exec start script
14 verbose stack Error: whatsapp@ start: `meteor run --settings private/settings.json`
14 verbose stack Exit status 3221225786
14 verbose stack     at EventEmitter.<anonymous> (D:\nodejs\node_modules\npm\lib\utils\lifecycle.js:255:16)
14 verbose stack     at emitTwo (events.js:106:13)
14 verbose stack     at EventEmitter.emit (events.js:191:7)
14 verbose stack     at ChildProcess.<anonymous> (D:\nodejs\node_modules\npm\lib\utils\spawn.js:40:14)
14 verbose stack     at emitTwo (events.js:106:13)
14 verbose stack     at ChildProcess.emit (events.js:191:7)
14 verbose stack     at maybeClose (internal/child_process.js:886:16)
14 verbose stack     at Process.ChildProcess._handle.onexit (internal/child_process.js:226:5)
15 verbose pkgid whatsapp@
16 verbose cwd C:\git\WhatsAppClone\whatsapp
17 error Windows_NT 10.0.10586
18 error argv "D:\\nodejs\\node.exe" "D:\\nodejs\\node_modules\\npm\\bin\\npm-cli.js" "run" "start"
19 error node v6.10.2
20 error npm  v3.10.10
21 error code ELIFECYCLE
22 error whatsapp@ start: `meteor run --settings private/settings.json`
22 error Exit status 3221225786
23 error Failed at the whatsapp@ start script 'meteor run --settings private/settings.json'.
23 error Make sure you have the latest version of node.js and npm installed.
23 error If you do, this is most likely a problem with the whatsapp package,
23 error not with npm itself.
23 error Tell the author that this fails on your system:
23 error     meteor run --settings private/settings.json
23 error You can get information on how to open an issue for this project with:
23 error     npm bugs whatsapp
23 error Or if that isn't available, you can get their info via:
23 error     npm owner ls whatsapp
23 error There is likely additional logging output above.
24 verbose exit [ 1, true ]
